<?xml version="1.0" encoding="UTF-8"?>
<!-- Generated by org.testng.reporters.JUnitReportReporter -->
<testsuite hostname="DESKTOP-J0LGVI7" failures="0" tests="1" name="shree.com.appium.AppiumBasics" time="9.455" errors="0" timestamp="2024-06-06T16:44:24 IST" skipped="0">
  <testcase classname="shree.com.appium.AppiumBasics" name="WifiSettings" time="9.455"/>
  <system-out/>
</testsuite> <!-- shree.com.appium.AppiumBasics -->
